Arguments: 
  /Users/go7hic/.nvm/versions/node/v14.16.0/bin/node /Users/go7hic/.nvm/versions/node/v14.16.0/bin/yarn

PATH: 
  /usr/local/opt/gettext/bin:/opt/MonkeyDev/bin:/usr/local/opt/libxml2/bin:/Users/go7hic/workspace/flutter/bin:/usr/local/Cellar/mongodb/4.0.1/bin:/usr/local/opt/mysql@5.6/bin:/Users/go7hic/.cargo/bin:/Users/go7hic/.deno/bin:/Users/go7hic/.nvm/versions/node/v14.16.0/bin:/Users/go7hic/bin:/usr/local/bin:/Users/go7hic/.cargo/bin:/usr/local/bin:/usr/bin:/bin:/usr/sbin:/sbin:/Applications/VMware Fusion.app/Contents/Public/:/Library/TeX/texbin:/usr/local/go/bin:/Library/Apple/usr/bin:/usr/local/opt/gettext/bin:/opt/MonkeyDev/bin:/usr/local/opt/libxml2/bin:/Users/go7hic/workspace/flutter/bin:/usr/local/Cellar/mongodb/4.0.1/bin:/usr/local/opt/mysql@5.6/bin:/Users/go7hic/.cargo/bin:/Users/go7hic/.deno/bin:/Users/go7hic/bin:/Users/go7hic/work/apache-maven/bin:/bin:/usr/bin:/Users/go7hic/work/apache-maven/bin:/usr/local/go/bin

Yarn version: 
  1.22.10

Node version: 
  14.16.0

Platform: 
  darwin x64

Trace: 
  Error: http://rnpm.hz.netease.com/element3-core: Request "http://rnpm.hz.netease.com/element3-core" returned a 403
      at Request.params.callback [as _callback] (/Users/go7hic/.nvm/versions/node/v14.16.0/lib/node_modules/yarn/lib/cli.js:66997:18)
      at Request.self.callback (/Users/go7hic/.nvm/versions/node/v14.16.0/lib/node_modules/yarn/lib/cli.js:140662:22)
      at Request.emit (events.js:315:20)
      at Request.<anonymous> (/Users/go7hic/.nvm/versions/node/v14.16.0/lib/node_modules/yarn/lib/cli.js:141634:10)
      at Request.emit (events.js:315:20)
      at Gunzip.<anonymous> (/Users/go7hic/.nvm/versions/node/v14.16.0/lib/node_modules/yarn/lib/cli.js:141556:12)
      at Object.onceWrapper (events.js:421:28)
      at Gunzip.emit (events.js:315:20)
      at endReadableNT (internal/streams/readable.js:1327:12)
      at processTicksAndRejections (internal/process/task_queues.js:80:21)

npm manifest: 
  {
    "name": "element3-demo",
    "version": "1.0.0",
    "description": "",
    "main": "index.js",
    "scripts": {
      "test": "echo \"Error: no test specified\" && exit 1"
    },
    "keywords": [],
    "author": "",
    "license": "ISC",
    "dependencies": {
      "element3-core": "0.0.7",
      "vue": "^3.0.5"
    },
    "devDependencies": {
      "@vitejs/plugin-vue": "^1.2.2",
      "@vue/compiler-sfc": "^3.0.5",
      "rollup-plugin-element3-webgl": "0.0.5",
      "typescript": "^4.1.3",
      "vite": "^2.3.0",
      "vue-tsc": "^0.0.24"
    }
  }

yarn manifest: 
  No manifest

Lockfile: 
  No lockfile
